3/15/2018 1:57:23 PM
 
Log
Start BOUNDS
UnityEngine.Debug:Log(Object)
DroneAgent:InitializeAgent() (at C:/Users/Murtaza/Documents/code/ml@b/autoquad/UnityDroneSim/Assets/ML-Agents/Template/Scripts/DroneAgent.cs:29)
Agent:OnEnable() (at C:/Users/Murtaza/Documents/code/ml@b/autoquad/UnityDroneSim/Assets/ML-Agents/Scripts/Agent.cs:95)

Log
(10.6, -1.7, 8.2)
UnityEngine.Debug:Log(Object)
DroneAgent:InitializeAgent() (at C:/Users/Murtaza/Documents/code/ml@b/autoquad/UnityDroneSim/Assets/ML-Agents/Template/Scripts/DroneAgent.cs:31)
Agent:OnEnable() (at C:/Users/Murtaza/Documents/code/ml@b/autoquad/UnityDroneSim/Assets/ML-Agents/Scripts/Agent.cs:95)

Log
(-10.6, -1.7, -10.4)
UnityEngine.Debug:Log(Object)
DroneAgent:InitializeAgent() (at C:/Users/Murtaza/Documents/code/ml@b/autoquad/UnityDroneSim/Assets/ML-Agents/Template/Scripts/DroneAgent.cs:32)
Agent:OnEnable() (at C:/Users/Murtaza/Documents/code/ml@b/autoquad/UnityDroneSim/Assets/ML-Agents/Scripts/Agent.cs:95)

Log
0
UnityEngine.Debug:Log(Object)
Motor:UpdateForceValues() (at C:/Users/Murtaza/Documents/code/ml@b/autoquad/UnityDroneSim/Assets/Motors/Motor.cs:31)
BasicControl:ComputeMotors() (at C:/Users/Murtaza/Documents/code/ml@b/autoquad/UnityDroneSim/Assets/BasicControl.cs:35)
BasicControl:FixedUpdate() (at C:/Users/Murtaza/Documents/code/ml@b/autoquad/UnityDroneSim/Assets/BasicControl.cs:22)

Log
0
UnityEngine.Debug:Log(Object)
Motor:UpdateForceValues() (at C:/Users/Murtaza/Documents/code/ml@b/autoquad/UnityDroneSim/Assets/Motors/Motor.cs:31)
BasicControl:ComputeMotors() (at C:/Users/Murtaza/Documents/code/ml@b/autoquad/UnityDroneSim/Assets/BasicControl.cs:35)
BasicControl:FixedUpdate() (at C:/Users/Murtaza/Documents/code/ml@b/autoquad/UnityDroneSim/Assets/BasicControl.cs:22)

Log
0
UnityEngine.Debug:Log(Object)
Motor:UpdateForceValues() (at C:/Users/Murtaza/Documents/code/ml@b/autoquad/UnityDroneSim/Assets/Motors/Motor.cs:31)
BasicControl:ComputeMotors() (at C:/Users/Murtaza/Documents/code/ml@b/autoquad/UnityDroneSim/Assets/BasicControl.cs:35)
BasicControl:FixedUpdate() (at C:/Users/Murtaza/Documents/code/ml@b/autoquad/UnityDroneSim/Assets/BasicControl.cs:22)

Log
0
UnityEngine.Debug:Log(Object)
Motor:UpdateForceValues() (at C:/Users/Murtaza/Documents/code/ml@b/autoquad/UnityDroneSim/Assets/Motors/Motor.cs:31)
BasicControl:ComputeMotors() (at C:/Users/Murtaza/Documents/code/ml@b/autoquad/UnityDroneSim/Assets/BasicControl.cs:35)
BasicControl:FixedUpdate() (at C:/Users/Murtaza/Documents/code/ml@b/autoquad/UnityDroneSim/Assets/BasicControl.cs:22)

